2020-07-05 21:17:22,102 [Worker-0: Loading available Gradle versions] INFO  o.e.b.c.i.u.g.PublishedGradleVersions - Gradle version information cache is up-to-date. Trying to read.
2020-07-05 21:18:59,164 [Worker-0: Creating project "chinu-maven-parent"] INFO  o.e.m.c.i.l.LifecycleMappingFactory - Using org.eclipse.m2e.jdt.JarLifecycleMapping lifecycle mapping for MavenProject: com.chinu:chinu-maven-parent:0.0.1-SNAPSHOT @ C:\Users\Sibu\Desktop\Devops\NewProject2\chinu-maven-parent\pom.xml.
2020-07-05 21:18:59,714 [Worker-0: Creating project "chinu-maven-parent"] INFO  o.e.m.j.i.AbstractJavaProjectConfigurator - Adding source folder /chinu-maven-parent/src/main/java
2020-07-05 21:18:59,717 [Worker-0: Creating project "chinu-maven-parent"] INFO  o.e.m.j.i.AbstractJavaProjectConfigurator - Adding resource folder /chinu-maven-parent/src/main/resources
2020-07-05 21:18:59,719 [Worker-0: Creating project "chinu-maven-parent"] INFO  o.e.m.j.i.AbstractJavaProjectConfigurator - Adding source folder /chinu-maven-parent/src/test/java
2020-07-05 21:18:59,720 [Worker-0: Creating project "chinu-maven-parent"] INFO  o.e.m.j.i.AbstractJavaProjectConfigurator - Adding resource folder /chinu-maven-parent/src/test/resources
2020-07-05 21:19:01,574 [Worker-8: Building] WARN  o.e.m.c.i.embedder.EclipseLogger - Using platform encoding (Cp1252 actually) to copy filtered resources, i.e. build is platform dependent!
2020-07-05 21:19:01,594 [Worker-8: Building] INFO  o.e.m.c.i.embedder.EclipseLogger - Copying 0 resource
2020-07-05 21:19:01,598 [Worker-8: Building] WARN  o.e.m.c.i.embedder.EclipseLogger - Using platform encoding (Cp1252 actually) to copy filtered resources, i.e. build is platform dependent!
2020-07-05 21:19:01,607 [Worker-8: Building] INFO  o.e.m.c.i.embedder.EclipseLogger - Copying 0 resource
2020-07-05 21:24:41,170 [Worker-5: Building] INFO  o.e.m.c.i.l.LifecycleMappingFactory - Using NULL lifecycle mapping for MavenProject: com.chinu:chinu-maven-parent:0.0.1-SNAPSHOT @ C:\Users\Sibu\Desktop\Devops\NewProject2\chinu-maven-parent\pom.xml.
2020-07-05 21:29:09,926 [Worker-7: Creating project "child"] INFO  o.e.m.c.i.l.LifecycleMappingFactory - Using org.eclipse.m2e.jdt.JarLifecycleMapping lifecycle mapping for MavenProject: com.chinu:child:0.0.1-SNAPSHOT @ C:\Users\Sibu\Desktop\Devops\NewProject2\chinu-maven-parent\child\pom.xml.
2020-07-05 21:29:10,412 [Worker-7: Creating project "child"] INFO  o.e.m.j.i.AbstractJavaProjectConfigurator - Adding source folder /child/src/main/java
2020-07-05 21:29:10,413 [Worker-7: Creating project "child"] INFO  o.e.m.j.i.AbstractJavaProjectConfigurator - Adding resource folder /child/src/main/resources
2020-07-05 21:29:10,414 [Worker-7: Creating project "child"] INFO  o.e.m.j.i.AbstractJavaProjectConfigurator - Adding source folder /child/src/test/java
2020-07-05 21:29:10,414 [Worker-7: Creating project "child"] INFO  o.e.m.j.i.AbstractJavaProjectConfigurator - Adding resource folder /child/src/test/resources
2020-07-05 21:29:11,227 [Worker-10: Building] WARN  o.e.m.c.i.embedder.EclipseLogger - Using platform encoding (Cp1252 actually) to copy filtered resources, i.e. build is platform dependent!
2020-07-05 21:29:11,257 [Worker-10: Building] INFO  o.e.m.c.i.embedder.EclipseLogger - Copying 0 resource
2020-07-05 21:29:11,261 [Worker-10: Building] WARN  o.e.m.c.i.embedder.EclipseLogger - Using platform encoding (Cp1252 actually) to copy filtered resources, i.e. build is platform dependent!
2020-07-05 21:29:11,298 [Worker-10: Building] INFO  o.e.m.c.i.embedder.EclipseLogger - Copying 0 resource
2020-07-05 21:29:13,295 [Worker-5: Building] INFO  o.e.m.c.i.l.LifecycleMappingFactory - Using org.eclipse.m2e.jdt.JarLifecycleMapping lifecycle mapping for MavenProject: com.chinu:child:0.0.1-SNAPSHOT @ C:\Users\Sibu\Desktop\Devops\NewProject2\chinu-maven-parent\child\pom.xml.
2020-07-05 21:29:13,301 [Worker-5: Building] INFO  o.e.m.c.i.l.LifecycleMappingFactory - Using NULL lifecycle mapping for MavenProject: com.chinu:chinu-maven-parent:0.0.1-SNAPSHOT @ C:\Users\Sibu\Desktop\Devops\NewProject2\chinu-maven-parent\pom.xml.
2020-07-05 21:29:15,329 [Worker-10: Building] WARN  o.e.m.c.i.embedder.EclipseLogger - Using platform encoding (Cp1252 actually) to copy filtered resources, i.e. build is platform dependent!
2020-07-05 21:29:15,346 [Worker-10: Building] INFO  o.e.m.c.i.embedder.EclipseLogger - Copying 0 resource
2020-07-05 21:29:15,350 [Worker-10: Building] WARN  o.e.m.c.i.embedder.EclipseLogger - Using platform encoding (Cp1252 actually) to copy filtered resources, i.e. build is platform dependent!
2020-07-05 21:29:15,371 [Worker-10: Building] INFO  o.e.m.c.i.embedder.EclipseLogger - Copying 0 resource
2020-07-05 21:30:35,798 [Worker-11: Creating project "chinu-child2"] INFO  o.e.m.c.i.l.LifecycleMappingFactory - Using org.eclipse.m2e.jdt.JarLifecycleMapping lifecycle mapping for MavenProject: com.chinu:chinu-child2:0.0.1-SNAPSHOT @ C:\Users\Sibu\Desktop\Devops\NewProject2\chinu-maven-parent\chinu-child2\pom.xml.
2020-07-05 21:30:35,960 [Worker-11: Creating project "chinu-child2"] INFO  o.e.m.j.i.AbstractJavaProjectConfigurator - Adding source folder /chinu-child2/src/main/java
2020-07-05 21:30:35,961 [Worker-11: Creating project "chinu-child2"] INFO  o.e.m.j.i.AbstractJavaProjectConfigurator - Adding resource folder /chinu-child2/src/main/resources
2020-07-05 21:30:35,962 [Worker-11: Creating project "chinu-child2"] INFO  o.e.m.j.i.AbstractJavaProjectConfigurator - Adding source folder /chinu-child2/src/test/java
2020-07-05 21:30:35,963 [Worker-11: Creating project "chinu-child2"] INFO  o.e.m.j.i.AbstractJavaProjectConfigurator - Adding resource folder /chinu-child2/src/test/resources
2020-07-05 21:30:36,434 [Worker-7: Building] WARN  o.e.m.c.i.embedder.EclipseLogger - Using platform encoding (Cp1252 actually) to copy filtered resources, i.e. build is platform dependent!
2020-07-05 21:30:36,445 [Worker-7: Building] INFO  o.e.m.c.i.embedder.EclipseLogger - Copying 0 resource
2020-07-05 21:30:36,448 [Worker-7: Building] WARN  o.e.m.c.i.embedder.EclipseLogger - Using platform encoding (Cp1252 actually) to copy filtered resources, i.e. build is platform dependent!
2020-07-05 21:30:36,474 [Worker-7: Building] INFO  o.e.m.c.i.embedder.EclipseLogger - Copying 0 resource
2020-07-05 21:30:40,044 [Worker-7: Building] INFO  o.e.m.c.i.l.LifecycleMappingFactory - Using org.eclipse.m2e.jdt.JarLifecycleMapping lifecycle mapping for MavenProject: com.chinu:child:0.0.1-SNAPSHOT @ C:\Users\Sibu\Desktop\Devops\NewProject2\chinu-maven-parent\child\pom.xml.
2020-07-05 21:30:40,051 [Worker-7: Building] INFO  o.e.m.c.i.l.LifecycleMappingFactory - Using NULL lifecycle mapping for MavenProject: com.chinu:chinu-maven-parent:0.0.1-SNAPSHOT @ C:\Users\Sibu\Desktop\Devops\NewProject2\chinu-maven-parent\pom.xml.
2020-07-05 21:30:41,020 [Worker-7: Building] INFO  o.e.m.c.i.l.LifecycleMappingFactory - Using org.eclipse.m2e.jdt.JarLifecycleMapping lifecycle mapping for MavenProject: com.chinu:chinu-child2:0.0.1-SNAPSHOT @ C:\Users\Sibu\Desktop\Devops\NewProject2\chinu-maven-parent\chinu-child2\pom.xml.
2020-07-05 21:30:44,744 [Worker-7: Building] WARN  o.e.m.c.i.embedder.EclipseLogger - Using platform encoding (Cp1252 actually) to copy filtered resources, i.e. build is platform dependent!
2020-07-05 21:30:44,790 [Worker-7: Building] INFO  o.e.m.c.i.embedder.EclipseLogger - Copying 0 resource
2020-07-05 21:30:44,795 [Worker-7: Building] WARN  o.e.m.c.i.embedder.EclipseLogger - Using platform encoding (Cp1252 actually) to copy filtered resources, i.e. build is platform dependent!
2020-07-05 21:30:44,834 [Worker-7: Building] INFO  o.e.m.c.i.embedder.EclipseLogger - Copying 0 resource
2020-07-05 21:30:44,950 [Worker-7: Building] WARN  o.e.m.c.i.embedder.EclipseLogger - Using platform encoding (Cp1252 actually) to copy filtered resources, i.e. build is platform dependent!
2020-07-05 21:30:45,012 [Worker-7: Building] INFO  o.e.m.c.i.embedder.EclipseLogger - Copying 0 resource
2020-07-05 21:30:45,014 [Worker-7: Building] WARN  o.e.m.c.i.embedder.EclipseLogger - Using platform encoding (Cp1252 actually) to copy filtered resources, i.e. build is platform dependent!
2020-07-05 21:30:45,098 [Worker-7: Building] INFO  o.e.m.c.i.embedder.EclipseLogger - Copying 0 resource
2020-07-05 21:31:03,093 [Worker-14: Creating project "chinucore"] INFO  o.e.m.c.i.l.LifecycleMappingFactory - Using org.eclipse.m2e.jdt.JarLifecycleMapping lifecycle mapping for MavenProject: com.chinu:chinucore:0.0.1-SNAPSHOT @ C:\Users\Sibu\Desktop\Devops\NewProject2\chinu-maven-parent\chinucore\pom.xml.
2020-07-05 21:31:03,302 [Worker-14: Creating project "chinucore"] INFO  o.e.m.j.i.AbstractJavaProjectConfigurator - Adding source folder /chinucore/src/main/java
2020-07-05 21:31:03,303 [Worker-14: Creating project "chinucore"] INFO  o.e.m.j.i.AbstractJavaProjectConfigurator - Adding resource folder /chinucore/src/main/resources
2020-07-05 21:31:03,304 [Worker-14: Creating project "chinucore"] INFO  o.e.m.j.i.AbstractJavaProjectConfigurator - Adding source folder /chinucore/src/test/java
2020-07-05 21:31:03,305 [Worker-14: Creating project "chinucore"] INFO  o.e.m.j.i.AbstractJavaProjectConfigurator - Adding resource folder /chinucore/src/test/resources
2020-07-05 21:31:03,793 [Worker-5: Building] WARN  o.e.m.c.i.embedder.EclipseLogger - Using platform encoding (Cp1252 actually) to copy filtered resources, i.e. build is platform dependent!
2020-07-05 21:31:03,976 [Worker-5: Building] INFO  o.e.m.c.i.embedder.EclipseLogger - Copying 0 resource
2020-07-05 21:31:03,978 [Worker-5: Building] WARN  o.e.m.c.i.embedder.EclipseLogger - Using platform encoding (Cp1252 actually) to copy filtered resources, i.e. build is platform dependent!
2020-07-05 21:31:04,000 [Worker-5: Building] INFO  o.e.m.c.i.embedder.EclipseLogger - Copying 0 resource
2020-07-05 21:31:05,840 [Worker-12: Building] INFO  o.e.m.c.i.l.LifecycleMappingFactory - Using org.eclipse.m2e.jdt.JarLifecycleMapping lifecycle mapping for MavenProject: com.chinu:child:0.0.1-SNAPSHOT @ C:\Users\Sibu\Desktop\Devops\NewProject2\chinu-maven-parent\child\pom.xml.
2020-07-05 21:31:05,844 [Worker-12: Building] INFO  o.e.m.c.i.l.LifecycleMappingFactory - Using NULL lifecycle mapping for MavenProject: com.chinu:chinu-maven-parent:0.0.1-SNAPSHOT @ C:\Users\Sibu\Desktop\Devops\NewProject2\chinu-maven-parent\pom.xml.
2020-07-05 21:31:05,981 [Worker-12: Building] INFO  o.e.m.c.i.l.LifecycleMappingFactory - Using org.eclipse.m2e.jdt.JarLifecycleMapping lifecycle mapping for MavenProject: com.chinu:chinucore:0.0.1-SNAPSHOT @ C:\Users\Sibu\Desktop\Devops\NewProject2\chinu-maven-parent\chinucore\pom.xml.
2020-07-05 21:31:06,122 [Worker-12: Building] INFO  o.e.m.c.i.l.LifecycleMappingFactory - Using org.eclipse.m2e.jdt.JarLifecycleMapping lifecycle mapping for MavenProject: com.chinu:chinu-child2:0.0.1-SNAPSHOT @ C:\Users\Sibu\Desktop\Devops\NewProject2\chinu-maven-parent\chinu-child2\pom.xml.
2020-07-05 21:31:06,809 [Worker-12: Building] WARN  o.e.m.c.i.embedder.EclipseLogger - Using platform encoding (Cp1252 actually) to copy filtered resources, i.e. build is platform dependent!
2020-07-05 21:31:06,828 [Worker-12: Building] INFO  o.e.m.c.i.embedder.EclipseLogger - Copying 0 resource
2020-07-05 21:31:06,832 [Worker-12: Building] WARN  o.e.m.c.i.embedder.EclipseLogger - Using platform encoding (Cp1252 actually) to copy filtered resources, i.e. build is platform dependent!
2020-07-05 21:31:06,846 [Worker-12: Building] INFO  o.e.m.c.i.embedder.EclipseLogger - Copying 0 resource
2020-07-05 21:31:07,918 [Worker-10: Building] WARN  o.e.m.c.i.embedder.EclipseLogger - Using platform encoding (Cp1252 actually) to copy filtered resources, i.e. build is platform dependent!
2020-07-05 21:31:07,929 [Worker-10: Building] INFO  o.e.m.c.i.embedder.EclipseLogger - Copying 0 resource
2020-07-05 21:31:07,932 [Worker-10: Building] WARN  o.e.m.c.i.embedder.EclipseLogger - Using platform encoding (Cp1252 actually) to copy filtered resources, i.e. build is platform dependent!
2020-07-05 21:31:07,942 [Worker-10: Building] INFO  o.e.m.c.i.embedder.EclipseLogger - Copying 0 resource
2020-07-05 21:31:07,958 [Worker-10: Building] WARN  o.e.m.c.i.embedder.EclipseLogger - Using platform encoding (Cp1252 actually) to copy filtered resources, i.e. build is platform dependent!
2020-07-05 21:31:07,968 [Worker-10: Building] INFO  o.e.m.c.i.embedder.EclipseLogger - Copying 0 resource
2020-07-05 21:31:07,970 [Worker-10: Building] WARN  o.e.m.c.i.embedder.EclipseLogger - Using platform encoding (Cp1252 actually) to copy filtered resources, i.e. build is platform dependent!
2020-07-05 21:31:07,980 [Worker-10: Building] INFO  o.e.m.c.i.embedder.EclipseLogger - Copying 0 resource
2020-07-05 21:40:18,094 [Worker-5: Building] INFO  o.e.m.c.i.l.LifecycleMappingFactory - Using org.eclipse.m2e.jdt.JarLifecycleMapping lifecycle mapping for MavenProject: com.chinu:chinu-child2:0.0.1-SNAPSHOT @ C:\Users\Sibu\Desktop\Devops\NewProject2\chinu-maven-parent\chinu-child2\pom.xml.
2020-07-05 21:40:18,116 [Worker-5: Building] INFO  o.e.m.c.i.p.WorkspaceClassifierResolverManager - Resolving P/chinucore: com.chinu:chinucore:0.0.1-SNAPSHOT with classifier  to /chinucore/target/classes
2020-07-05 21:40:18,181 [Worker-5: Building] WARN  o.e.m.c.i.embedder.EclipseLogger - Using platform encoding (Cp1252 actually) to copy filtered resources, i.e. build is platform dependent!
2020-07-05 21:40:18,193 [Worker-5: Building] INFO  o.e.m.c.i.embedder.EclipseLogger - Copying 0 resource
2020-07-05 21:40:18,195 [Worker-5: Building] WARN  o.e.m.c.i.embedder.EclipseLogger - Using platform encoding (Cp1252 actually) to copy filtered resources, i.e. build is platform dependent!
2020-07-05 21:40:18,205 [Worker-5: Building] INFO  o.e.m.c.i.embedder.EclipseLogger - Copying 0 resource
2020-07-05 21:41:57,437 [Worker-13: Building] INFO  o.e.m.c.i.l.LifecycleMappingFactory - Using org.eclipse.m2e.jdt.JarLifecycleMapping lifecycle mapping for MavenProject: com.chinu:child:0.0.1-SNAPSHOT @ C:\Users\Sibu\Desktop\Devops\NewProject2\chinu-maven-parent\child\pom.xml.
2020-07-05 21:41:57,442 [Worker-13: Building] INFO  o.e.m.c.i.p.WorkspaceClassifierResolverManager - Resolving P/chinucore: com.chinu:chinucore:0.0.1-SNAPSHOT with classifier  to /chinucore/target/classes
2020-07-05 21:41:57,497 [Worker-13: Building] WARN  o.e.m.c.i.embedder.EclipseLogger - Using platform encoding (Cp1252 actually) to copy filtered resources, i.e. build is platform dependent!
2020-07-05 21:41:57,510 [Worker-13: Building] INFO  o.e.m.c.i.embedder.EclipseLogger - Copying 0 resource
2020-07-05 21:41:57,512 [Worker-13: Building] WARN  o.e.m.c.i.embedder.EclipseLogger - Using platform encoding (Cp1252 actually) to copy filtered resources, i.e. build is platform dependent!
2020-07-05 21:41:57,528 [Worker-13: Building] INFO  o.e.m.c.i.embedder.EclipseLogger - Copying 0 resource
2020-07-05 21:42:09,500 [Worker-13: reload maven project] INFO  o.e.m.c.i.p.WorkspaceClassifierResolverManager - Resolving P/chinucore: com.chinu:chinucore:0.0.1-SNAPSHOT with classifier  to /chinucore/target/classes
2020-07-05 21:42:09,743 [Worker-12: Building] INFO  o.e.m.c.i.l.LifecycleMappingFactory - Using org.eclipse.m2e.jdt.JarLifecycleMapping lifecycle mapping for MavenProject: com.chinu:child:0.0.1-SNAPSHOT @ C:\Users\Sibu\Desktop\Devops\NewProject2\chinu-maven-parent\child\pom.xml.
2020-07-05 21:42:09,747 [Worker-12: Building] INFO  o.e.m.c.i.p.WorkspaceClassifierResolverManager - Resolving P/chinucore: com.chinu:chinucore:0.0.1-SNAPSHOT with classifier  to /chinucore/target/classes
2020-07-05 21:42:09,794 [Worker-12: Building] WARN  o.e.m.c.i.embedder.EclipseLogger - Using platform encoding (Cp1252 actually) to copy filtered resources, i.e. build is platform dependent!
2020-07-05 21:42:09,805 [Worker-12: Building] INFO  o.e.m.c.i.embedder.EclipseLogger - Copying 0 resource
2020-07-05 21:42:09,807 [Worker-12: Building] WARN  o.e.m.c.i.embedder.EclipseLogger - Using platform encoding (Cp1252 actually) to copy filtered resources, i.e. build is platform dependent!
2020-07-05 21:42:09,817 [Worker-12: Building] INFO  o.e.m.c.i.embedder.EclipseLogger - Copying 0 resource
2020-07-05 21:44:12,442 [Worker-13: Building] INFO  o.e.m.c.i.l.LifecycleMappingFactory - Using org.eclipse.m2e.jdt.JarLifecycleMapping lifecycle mapping for MavenProject: com.chinu:chinucore:0.0.1-SNAPSHOT @ C:\Users\Sibu\Desktop\Devops\NewProject2\chinu-maven-parent\chinucore\pom.xml.
2020-07-05 21:44:12,498 [Worker-13: Building] WARN  o.e.m.c.i.embedder.EclipseLogger - Using platform encoding (Cp1252 actually) to copy filtered resources, i.e. build is platform dependent!
2020-07-05 21:44:12,509 [Worker-13: Building] INFO  o.e.m.c.i.embedder.EclipseLogger - Copying 0 resource
2020-07-05 21:44:12,511 [Worker-13: Building] WARN  o.e.m.c.i.embedder.EclipseLogger - Using platform encoding (Cp1252 actually) to copy filtered resources, i.e. build is platform dependent!
2020-07-05 21:44:12,523 [Worker-13: Building] INFO  o.e.m.c.i.embedder.EclipseLogger - Copying 0 resource
2020-07-05 21:44:48,486 [Worker-16: reload maven project] INFO  o.e.m.c.i.p.WorkspaceClassifierResolverManager - Resolving P/chinucore: com.chinu:chinucore:0.0.1-SNAPSHOT with classifier  to /chinucore/target/classes
2020-07-05 21:44:48,736 [Worker-16: Building] INFO  o.e.m.c.i.l.LifecycleMappingFactory - Using org.eclipse.m2e.jdt.JarLifecycleMapping lifecycle mapping for MavenProject: com.chinu:chinu-child2:0.0.1-SNAPSHOT @ C:\Users\Sibu\Desktop\Devops\NewProject2\chinu-maven-parent\chinu-child2\pom.xml.
2020-07-05 21:44:48,739 [Worker-16: Building] INFO  o.e.m.c.i.p.WorkspaceClassifierResolverManager - Resolving P/chinucore: com.chinu:chinucore:0.0.1-SNAPSHOT with classifier  to /chinucore/target/classes
2020-07-05 21:44:48,792 [Worker-16: Building] WARN  o.e.m.c.i.embedder.EclipseLogger - Using platform encoding (Cp1252 actually) to copy filtered resources, i.e. build is platform dependent!
2020-07-05 21:44:48,805 [Worker-16: Building] INFO  o.e.m.c.i.embedder.EclipseLogger - Copying 0 resource
2020-07-05 21:44:48,809 [Worker-16: Building] WARN  o.e.m.c.i.embedder.EclipseLogger - Using platform encoding (Cp1252 actually) to copy filtered resources, i.e. build is platform dependent!
2020-07-05 21:44:48,819 [Worker-16: Building] INFO  o.e.m.c.i.embedder.EclipseLogger - Copying 0 resource
2020-07-05 21:45:05,017 [main] INFO  o.e.m2e.actions.ExecutePomAction - Creating new launch configuration
2020-07-05 21:45:18,283 [Worker-16: Launching chinu-maven-parent] INFO  o.e.m.i.launch.MavenLaunchDelegate - C:\Users\Sibu\Desktop\Devops\NewProject2\chinu-maven-parent
2020-07-05 21:45:18,287 [Worker-16: Launching chinu-maven-parent] INFO  o.e.m.i.launch.MavenLaunchDelegate -  mvn -B clean install
2020-07-05 22:01:53,490 [Worker-19: Building] INFO  o.e.m.c.i.l.LifecycleMappingFactory - Using org.eclipse.m2e.jdt.JarLifecycleMapping lifecycle mapping for MavenProject: com.chinu:child:0.0.1-SNAPSHOT @ C:\Users\Sibu\Desktop\Devops\NewProject2\chinu-maven-parent\child\pom.xml.
2020-07-05 22:01:53,495 [Worker-19: Building] INFO  o.e.m.c.i.p.WorkspaceClassifierResolverManager - Resolving P/chinucore: com.chinu:chinucore:0.0.1-SNAPSHOT with classifier  to /chinucore/target/classes
2020-07-05 22:01:53,498 [Worker-19: Building] INFO  o.e.m.c.i.l.LifecycleMappingFactory - Using NULL lifecycle mapping for MavenProject: com.chinu:chinu-maven-parent:0.0.1-SNAPSHOT @ C:\Users\Sibu\Desktop\Devops\NewProject2\chinu-maven-parent\pom.xml.
2020-07-05 22:01:53,752 [Worker-19: Building] INFO  o.e.m.c.i.l.LifecycleMappingFactory - Using org.eclipse.m2e.jdt.JarLifecycleMapping lifecycle mapping for MavenProject: com.chinu:chinucore:0.0.1-SNAPSHOT @ C:\Users\Sibu\Desktop\Devops\NewProject2\chinu-maven-parent\chinucore\pom.xml.
2020-07-05 22:01:53,864 [Worker-19: Building] INFO  o.e.m.c.i.l.LifecycleMappingFactory - Using org.eclipse.m2e.jdt.JarLifecycleMapping lifecycle mapping for MavenProject: com.chinu:chinu-child2:0.0.1-SNAPSHOT @ C:\Users\Sibu\Desktop\Devops\NewProject2\chinu-maven-parent\chinu-child2\pom.xml.
2020-07-05 22:01:53,865 [Worker-19: Building] INFO  o.e.m.c.i.p.WorkspaceClassifierResolverManager - Resolving P/chinucore: com.chinu:chinucore:0.0.1-SNAPSHOT with classifier  to /chinucore/target/classes
2020-07-05 22:01:54,618 [Worker-19: Building] WARN  o.e.m.c.i.embedder.EclipseLogger - Using platform encoding (Cp1252 actually) to copy filtered resources, i.e. build is platform dependent!
2020-07-05 22:01:54,635 [Worker-19: Building] INFO  o.e.m.c.i.embedder.EclipseLogger - Copying 0 resource
2020-07-05 22:01:54,640 [Worker-19: Building] WARN  o.e.m.c.i.embedder.EclipseLogger - Using platform encoding (Cp1252 actually) to copy filtered resources, i.e. build is platform dependent!
2020-07-05 22:01:54,654 [Worker-19: Building] INFO  o.e.m.c.i.embedder.EclipseLogger - Copying 0 resource
2020-07-05 22:01:55,674 [Worker-16: Building] INFO  o.e.m.c.i.p.WorkspaceClassifierResolverManager - Resolving P/chinucore: com.chinu:chinucore:0.0.1-SNAPSHOT with classifier  to /chinucore/target/classes
2020-07-05 22:01:55,677 [Worker-16: Building] WARN  o.e.m.c.i.embedder.EclipseLogger - Using platform encoding (Cp1252 actually) to copy filtered resources, i.e. build is platform dependent!
2020-07-05 22:01:55,687 [Worker-16: Building] INFO  o.e.m.c.i.embedder.EclipseLogger - Copying 0 resource
2020-07-05 22:01:55,689 [Worker-16: Building] WARN  o.e.m.c.i.embedder.EclipseLogger - Using platform encoding (Cp1252 actually) to copy filtered resources, i.e. build is platform dependent!
2020-07-05 22:01:55,698 [Worker-16: Building] INFO  o.e.m.c.i.embedder.EclipseLogger - Copying 0 resource
2020-07-05 22:01:55,709 [Worker-16: Building] INFO  o.e.m.c.i.p.WorkspaceClassifierResolverManager - Resolving P/chinucore: com.chinu:chinucore:0.0.1-SNAPSHOT with classifier  to /chinucore/target/classes
2020-07-05 22:01:55,712 [Worker-16: Building] WARN  o.e.m.c.i.embedder.EclipseLogger - Using platform encoding (Cp1252 actually) to copy filtered resources, i.e. build is platform dependent!
2020-07-05 22:01:55,722 [Worker-16: Building] INFO  o.e.m.c.i.embedder.EclipseLogger - Copying 0 resource
2020-07-05 22:01:55,723 [Worker-16: Building] WARN  o.e.m.c.i.embedder.EclipseLogger - Using platform encoding (Cp1252 actually) to copy filtered resources, i.e. build is platform dependent!
2020-07-05 22:01:55,733 [Worker-16: Building] INFO  o.e.m.c.i.embedder.EclipseLogger - Copying 0 resource
2020-07-05 22:02:05,604 [Worker-18: Building] INFO  o.e.m.c.i.l.LifecycleMappingFactory - Using org.eclipse.m2e.jdt.JarLifecycleMapping lifecycle mapping for MavenProject: com.chinu:child:0.0.1-SNAPSHOT @ C:\Users\Sibu\Desktop\Devops\NewProject2\chinu-maven-parent\child\pom.xml.
2020-07-05 22:02:05,608 [Worker-18: Building] INFO  o.e.m.c.i.p.WorkspaceClassifierResolverManager - Resolving P/chinucore: com.chinu:chinucore:0.0.1-SNAPSHOT with classifier  to /chinucore/target/classes
2020-07-05 22:02:05,611 [Worker-18: Building] INFO  o.e.m.c.i.l.LifecycleMappingFactory - Using NULL lifecycle mapping for MavenProject: com.chinu:chinu-maven-parent:0.0.1-SNAPSHOT @ C:\Users\Sibu\Desktop\Devops\NewProject2\chinu-maven-parent\pom.xml.
2020-07-05 22:02:05,791 [Worker-18: Building] INFO  o.e.m.c.i.l.LifecycleMappingFactory - Using org.eclipse.m2e.jdt.JarLifecycleMapping lifecycle mapping for MavenProject: com.chinu:chinucore:0.0.1-SNAPSHOT @ C:\Users\Sibu\Desktop\Devops\NewProject2\chinu-maven-parent\chinucore\pom.xml.
2020-07-05 22:02:05,904 [Worker-18: Building] INFO  o.e.m.c.i.l.LifecycleMappingFactory - Using org.eclipse.m2e.jdt.JarLifecycleMapping lifecycle mapping for MavenProject: com.chinu:chinu-child2:0.0.1-SNAPSHOT @ C:\Users\Sibu\Desktop\Devops\NewProject2\chinu-maven-parent\chinu-child2\pom.xml.
2020-07-05 22:02:05,905 [Worker-18: Building] INFO  o.e.m.c.i.p.WorkspaceClassifierResolverManager - Resolving P/chinucore: com.chinu:chinucore:0.0.1-SNAPSHOT with classifier  to /chinucore/target/classes
2020-07-05 22:02:06,386 [Worker-18: Building] WARN  o.e.m.c.i.embedder.EclipseLogger - Using platform encoding (Cp1252 actually) to copy filtered resources, i.e. build is platform dependent!
2020-07-05 22:02:06,398 [Worker-18: Building] INFO  o.e.m.c.i.embedder.EclipseLogger - Copying 0 resource
2020-07-05 22:02:06,400 [Worker-18: Building] WARN  o.e.m.c.i.embedder.EclipseLogger - Using platform encoding (Cp1252 actually) to copy filtered resources, i.e. build is platform dependent!
2020-07-05 22:02:06,410 [Worker-18: Building] INFO  o.e.m.c.i.embedder.EclipseLogger - Copying 0 resource
2020-07-05 22:02:07,477 [Worker-19: Building] INFO  o.e.m.c.i.p.WorkspaceClassifierResolverManager - Resolving P/chinucore: com.chinu:chinucore:0.0.1-SNAPSHOT with classifier  to /chinucore/target/classes
2020-07-05 22:02:07,480 [Worker-19: Building] WARN  o.e.m.c.i.embedder.EclipseLogger - Using platform encoding (Cp1252 actually) to copy filtered resources, i.e. build is platform dependent!
2020-07-05 22:02:07,489 [Worker-19: Building] INFO  o.e.m.c.i.embedder.EclipseLogger - Copying 0 resource
2020-07-05 22:02:07,491 [Worker-19: Building] WARN  o.e.m.c.i.embedder.EclipseLogger - Using platform encoding (Cp1252 actually) to copy filtered resources, i.e. build is platform dependent!
2020-07-05 22:02:07,500 [Worker-19: Building] INFO  o.e.m.c.i.embedder.EclipseLogger - Copying 0 resource
2020-07-05 22:02:07,510 [Worker-19: Building] INFO  o.e.m.c.i.p.WorkspaceClassifierResolverManager - Resolving P/chinucore: com.chinu:chinucore:0.0.1-SNAPSHOT with classifier  to /chinucore/target/classes
2020-07-05 22:02:07,513 [Worker-19: Building] WARN  o.e.m.c.i.embedder.EclipseLogger - Using platform encoding (Cp1252 actually) to copy filtered resources, i.e. build is platform dependent!
2020-07-05 22:02:07,523 [Worker-19: Building] INFO  o.e.m.c.i.embedder.EclipseLogger - Copying 0 resource
2020-07-05 22:02:07,525 [Worker-19: Building] WARN  o.e.m.c.i.embedder.EclipseLogger - Using platform encoding (Cp1252 actually) to copy filtered resources, i.e. build is platform dependent!
2020-07-05 22:02:07,539 [Worker-19: Building] INFO  o.e.m.c.i.embedder.EclipseLogger - Copying 0 resource
2020-07-05 22:02:34,865 [Worker-20: Building] INFO  o.e.m.c.i.l.LifecycleMappingFactory - Using org.eclipse.m2e.jdt.JarLifecycleMapping lifecycle mapping for MavenProject: com.chinu:child:0.0.1-SNAPSHOT @ C:\Users\Sibu\Desktop\Devops\NewProject2\chinu-maven-parent\child\pom.xml.
2020-07-05 22:02:34,868 [Worker-20: Building] INFO  o.e.m.c.i.p.WorkspaceClassifierResolverManager - Resolving P/chinucore: com.chinu:chinucore:0.0.1-SNAPSHOT with classifier  to /chinucore/target/classes
2020-07-05 22:02:34,871 [Worker-20: Building] INFO  o.e.m.c.i.l.LifecycleMappingFactory - Using NULL lifecycle mapping for MavenProject: com.chinu:chinu-maven-parent:0.0.1-SNAPSHOT @ C:\Users\Sibu\Desktop\Devops\NewProject2\chinu-maven-parent\pom.xml.
2020-07-05 22:02:34,983 [Worker-20: Building] INFO  o.e.m.c.i.l.LifecycleMappingFactory - Using org.eclipse.m2e.jdt.JarLifecycleMapping lifecycle mapping for MavenProject: com.chinu:chinucore:0.0.1-SNAPSHOT @ C:\Users\Sibu\Desktop\Devops\NewProject2\chinu-maven-parent\chinucore\pom.xml.
2020-07-05 22:02:35,095 [Worker-20: Building] INFO  o.e.m.c.i.l.LifecycleMappingFactory - Using org.eclipse.m2e.jdt.JarLifecycleMapping lifecycle mapping for MavenProject: com.chinu:chinu-child2:0.0.1-SNAPSHOT @ C:\Users\Sibu\Desktop\Devops\NewProject2\chinu-maven-parent\chinu-child2\pom.xml.
2020-07-05 22:02:35,096 [Worker-20: Building] INFO  o.e.m.c.i.p.WorkspaceClassifierResolverManager - Resolving P/chinucore: com.chinu:chinucore:0.0.1-SNAPSHOT with classifier  to /chinucore/target/classes
2020-07-05 22:02:35,784 [Worker-20: Building] WARN  o.e.m.c.i.embedder.EclipseLogger - Using platform encoding (Cp1252 actually) to copy filtered resources, i.e. build is platform dependent!
2020-07-05 22:02:35,808 [Worker-20: Building] INFO  o.e.m.c.i.embedder.EclipseLogger - Copying 0 resource
2020-07-05 22:02:35,811 [Worker-20: Building] WARN  o.e.m.c.i.embedder.EclipseLogger - Using platform encoding (Cp1252 actually) to copy filtered resources, i.e. build is platform dependent!
2020-07-05 22:02:35,826 [Worker-20: Building] INFO  o.e.m.c.i.embedder.EclipseLogger - Copying 0 resource
2020-07-05 22:02:36,845 [Worker-20: Building] INFO  o.e.m.c.i.p.WorkspaceClassifierResolverManager - Resolving P/chinucore: com.chinu:chinucore:0.0.1-SNAPSHOT with classifier  to /chinucore/target/classes
2020-07-05 22:02:36,849 [Worker-20: Building] WARN  o.e.m.c.i.embedder.EclipseLogger - Using platform encoding (Cp1252 actually) to copy filtered resources, i.e. build is platform dependent!
2020-07-05 22:02:36,861 [Worker-20: Building] INFO  o.e.m.c.i.embedder.EclipseLogger - Copying 0 resource
2020-07-05 22:02:36,862 [Worker-20: Building] WARN  o.e.m.c.i.embedder.EclipseLogger - Using platform encoding (Cp1252 actually) to copy filtered resources, i.e. build is platform dependent!
2020-07-05 22:02:36,872 [Worker-20: Building] INFO  o.e.m.c.i.embedder.EclipseLogger - Copying 0 resource
2020-07-05 22:02:36,885 [Worker-20: Building] INFO  o.e.m.c.i.p.WorkspaceClassifierResolverManager - Resolving P/chinucore: com.chinu:chinucore:0.0.1-SNAPSHOT with classifier  to /chinucore/target/classes
2020-07-05 22:02:36,888 [Worker-20: Building] WARN  o.e.m.c.i.embedder.EclipseLogger - Using platform encoding (Cp1252 actually) to copy filtered resources, i.e. build is platform dependent!
2020-07-05 22:02:36,898 [Worker-20: Building] INFO  o.e.m.c.i.embedder.EclipseLogger - Copying 0 resource
2020-07-05 22:02:36,899 [Worker-20: Building] WARN  o.e.m.c.i.embedder.EclipseLogger - Using platform encoding (Cp1252 actually) to copy filtered resources, i.e. build is platform dependent!
2020-07-05 22:02:36,910 [Worker-20: Building] INFO  o.e.m.c.i.embedder.EclipseLogger - Copying 0 resource
2020-07-05 22:03:22,335 [main] INFO  o.e.m2e.actions.ExecutePomAction - Using existing launch configuration
2020-07-05 22:03:22,555 [Worker-19: Launching chinu-maven-parent] INFO  o.e.m.i.launch.MavenLaunchDelegate - C:\Users\Sibu\Desktop\Devops\NewProject2\chinu-maven-parent
2020-07-05 22:03:22,555 [Worker-19: Launching chinu-maven-parent] INFO  o.e.m.i.launch.MavenLaunchDelegate -  mvn -B clean install
2020-07-05 22:04:27,443 [main] INFO  o.e.m2e.actions.ExecutePomAction - Creating new launch configuration
2020-07-05 22:04:50,700 [Worker-16: Launching chinu-maven-parent (1)] INFO  o.e.m.i.launch.MavenLaunchDelegate - C:\Users\Sibu\Desktop\Devops\NewProject2\chinu-maven-parent
2020-07-05 22:04:50,701 [Worker-16: Launching chinu-maven-parent (1)] INFO  o.e.m.i.launch.MavenLaunchDelegate -  mvn -Pfb -B clean install
2020-07-05 22:06:12,413 [main] INFO  o.e.m2e.actions.ExecutePomAction - Creating new launch configuration
2020-07-05 22:06:28,609 [main] INFO  o.e.m2e.actions.ExecutePomAction - Creating new launch configuration
2020-07-05 22:06:54,667 [Worker-20: Launching chinu-maven-parent (3)] INFO  o.e.m.i.launch.MavenLaunchDelegate - C:\Users\Sibu\Desktop\Devops\NewProject2\chinu-maven-parent
2020-07-05 22:06:54,667 [Worker-20: Launching chinu-maven-parent (3)] INFO  o.e.m.i.launch.MavenLaunchDelegate -  mvn -Pgmail -B clean install
2020-07-05 22:10:31,768 [Worker-23: Building] INFO  o.e.m.c.i.l.LifecycleMappingFactory - Using org.eclipse.m2e.jdt.JarLifecycleMapping lifecycle mapping for MavenProject: com.chinu:child:0.0.1-SNAPSHOT @ C:\Users\Sibu\Desktop\Devops\NewProject2\chinu-maven-parent\child\pom.xml.
2020-07-05 22:10:31,772 [Worker-23: Building] INFO  o.e.m.c.i.p.WorkspaceClassifierResolverManager - Resolving P/chinucore: com.chinu:chinucore:0.0.1-SNAPSHOT with classifier  to /chinucore/target/classes
2020-07-05 22:10:31,776 [Worker-23: Building] INFO  o.e.m.c.i.l.LifecycleMappingFactory - Using NULL lifecycle mapping for MavenProject: com.chinu:chinu-maven-parent:0.0.1-SNAPSHOT @ C:\Users\Sibu\Desktop\Devops\NewProject2\chinu-maven-parent\pom.xml.
2020-07-05 22:10:31,925 [Worker-23: Building] INFO  o.e.m.c.i.l.LifecycleMappingFactory - Using org.eclipse.m2e.jdt.JarLifecycleMapping lifecycle mapping for MavenProject: com.chinu:chinucore:0.0.1-SNAPSHOT @ C:\Users\Sibu\Desktop\Devops\NewProject2\chinu-maven-parent\chinucore\pom.xml.
2020-07-05 22:10:32,076 [Worker-23: Building] INFO  o.e.m.c.i.l.LifecycleMappingFactory - Using org.eclipse.m2e.jdt.JarLifecycleMapping lifecycle mapping for MavenProject: com.chinu:chinu-child2:0.0.1-SNAPSHOT @ C:\Users\Sibu\Desktop\Devops\NewProject2\chinu-maven-parent\chinu-child2\pom.xml.
2020-07-05 22:10:32,078 [Worker-23: Building] INFO  o.e.m.c.i.p.WorkspaceClassifierResolverManager - Resolving P/chinucore: com.chinu:chinucore:0.0.1-SNAPSHOT with classifier  to /chinucore/target/classes
2020-07-05 22:10:32,931 [Worker-23: Building] WARN  o.e.m.c.i.embedder.EclipseLogger - Using platform encoding (Cp1252 actually) to copy filtered resources, i.e. build is platform dependent!
2020-07-05 22:10:32,954 [Worker-23: Building] INFO  o.e.m.c.i.embedder.EclipseLogger - Copying 0 resource
2020-07-05 22:10:32,957 [Worker-23: Building] WARN  o.e.m.c.i.embedder.EclipseLogger - Using platform encoding (Cp1252 actually) to copy filtered resources, i.e. build is platform dependent!
2020-07-05 22:10:32,972 [Worker-23: Building] INFO  o.e.m.c.i.embedder.EclipseLogger - Copying 0 resource
2020-07-05 22:10:34,008 [Worker-21: Building] INFO  o.e.m.c.i.p.WorkspaceClassifierResolverManager - Resolving P/chinucore: com.chinu:chinucore:0.0.1-SNAPSHOT with classifier  to /chinucore/target/classes
2020-07-05 22:10:34,022 [Worker-21: Building] WARN  o.e.m.c.i.embedder.EclipseLogger - Using platform encoding (Cp1252 actually) to copy filtered resources, i.e. build is platform dependent!
2020-07-05 22:10:34,035 [Worker-21: Building] INFO  o.e.m.c.i.embedder.EclipseLogger - Copying 0 resource
2020-07-05 22:10:34,037 [Worker-21: Building] WARN  o.e.m.c.i.embedder.EclipseLogger - Using platform encoding (Cp1252 actually) to copy filtered resources, i.e. build is platform dependent!
2020-07-05 22:10:34,047 [Worker-21: Building] INFO  o.e.m.c.i.embedder.EclipseLogger - Copying 0 resource
2020-07-05 22:10:34,061 [Worker-21: Building] INFO  o.e.m.c.i.p.WorkspaceClassifierResolverManager - Resolving P/chinucore: com.chinu:chinucore:0.0.1-SNAPSHOT with classifier  to /chinucore/target/classes
2020-07-05 22:10:34,064 [Worker-21: Building] WARN  o.e.m.c.i.embedder.EclipseLogger - Using platform encoding (Cp1252 actually) to copy filtered resources, i.e. build is platform dependent!
2020-07-05 22:10:34,078 [Worker-21: Building] INFO  o.e.m.c.i.embedder.EclipseLogger - Copying 0 resource
2020-07-05 22:10:34,080 [Worker-21: Building] WARN  o.e.m.c.i.embedder.EclipseLogger - Using platform encoding (Cp1252 actually) to copy filtered resources, i.e. build is platform dependent!
2020-07-05 22:10:34,095 [Worker-21: Building] INFO  o.e.m.c.i.embedder.EclipseLogger - Copying 0 resource
2020-07-05 22:10:48,560 [Worker-25: Building] INFO  o.e.m.c.i.l.LifecycleMappingFactory - Using org.eclipse.m2e.jdt.JarLifecycleMapping lifecycle mapping for MavenProject: com.chinu:child:0.0.1-SNAPSHOT @ C:\Users\Sibu\Desktop\Devops\NewProject2\chinu-maven-parent\child\pom.xml.
2020-07-05 22:10:48,564 [Worker-25: Building] INFO  o.e.m.c.i.p.WorkspaceClassifierResolverManager - Resolving P/chinucore: com.chinu:chinucore:0.0.1-SNAPSHOT with classifier  to /chinucore/target/classes
2020-07-05 22:10:48,566 [Worker-25: Building] INFO  o.e.m.c.i.l.LifecycleMappingFactory - Using NULL lifecycle mapping for MavenProject: com.chinu:chinu-maven-parent:0.0.1-SNAPSHOT @ C:\Users\Sibu\Desktop\Devops\NewProject2\chinu-maven-parent\pom.xml.
2020-07-05 22:10:48,683 [Worker-25: Building] INFO  o.e.m.c.i.l.LifecycleMappingFactory - Using org.eclipse.m2e.jdt.JarLifecycleMapping lifecycle mapping for MavenProject: com.chinu:chinucore:0.0.1-SNAPSHOT @ C:\Users\Sibu\Desktop\Devops\NewProject2\chinu-maven-parent\chinucore\pom.xml.
2020-07-05 22:10:48,787 [Worker-25: Building] INFO  o.e.m.c.i.l.LifecycleMappingFactory - Using org.eclipse.m2e.jdt.JarLifecycleMapping lifecycle mapping for MavenProject: com.chinu:chinu-child2:0.0.1-SNAPSHOT @ C:\Users\Sibu\Desktop\Devops\NewProject2\chinu-maven-parent\chinu-child2\pom.xml.
2020-07-05 22:10:48,788 [Worker-25: Building] INFO  o.e.m.c.i.p.WorkspaceClassifierResolverManager - Resolving P/chinucore: com.chinu:chinucore:0.0.1-SNAPSHOT with classifier  to /chinucore/target/classes
2020-07-05 22:10:49,239 [Worker-25: Building] WARN  o.e.m.c.i.embedder.EclipseLogger - Using platform encoding (Cp1252 actually) to copy filtered resources, i.e. build is platform dependent!
2020-07-05 22:10:49,254 [Worker-25: Building] INFO  o.e.m.c.i.embedder.EclipseLogger - Copying 0 resource
2020-07-05 22:10:49,256 [Worker-25: Building] WARN  o.e.m.c.i.embedder.EclipseLogger - Using platform encoding (Cp1252 actually) to copy filtered resources, i.e. build is platform dependent!
2020-07-05 22:10:49,269 [Worker-25: Building] INFO  o.e.m.c.i.embedder.EclipseLogger - Copying 0 resource
2020-07-05 22:10:50,289 [Worker-25: Building] INFO  o.e.m.c.i.p.WorkspaceClassifierResolverManager - Resolving P/chinucore: com.chinu:chinucore:0.0.1-SNAPSHOT with classifier  to /chinucore/target/classes
2020-07-05 22:10:50,293 [Worker-25: Building] WARN  o.e.m.c.i.embedder.EclipseLogger - Using platform encoding (Cp1252 actually) to copy filtered resources, i.e. build is platform dependent!
2020-07-05 22:10:50,303 [Worker-25: Building] INFO  o.e.m.c.i.embedder.EclipseLogger - Copying 0 resource
2020-07-05 22:10:50,305 [Worker-25: Building] WARN  o.e.m.c.i.embedder.EclipseLogger - Using platform encoding (Cp1252 actually) to copy filtered resources, i.e. build is platform dependent!
2020-07-05 22:10:50,314 [Worker-25: Building] INFO  o.e.m.c.i.embedder.EclipseLogger - Copying 0 resource
2020-07-05 22:10:50,326 [Worker-25: Building] INFO  o.e.m.c.i.p.WorkspaceClassifierResolverManager - Resolving P/chinucore: com.chinu:chinucore:0.0.1-SNAPSHOT with classifier  to /chinucore/target/classes
2020-07-05 22:10:50,328 [Worker-25: Building] WARN  o.e.m.c.i.embedder.EclipseLogger - Using platform encoding (Cp1252 actually) to copy filtered resources, i.e. build is platform dependent!
2020-07-05 22:10:50,337 [Worker-25: Building] INFO  o.e.m.c.i.embedder.EclipseLogger - Copying 0 resource
2020-07-05 22:10:50,339 [Worker-25: Building] WARN  o.e.m.c.i.embedder.EclipseLogger - Using platform encoding (Cp1252 actually) to copy filtered resources, i.e. build is platform dependent!
2020-07-05 22:10:50,348 [Worker-25: Building] INFO  o.e.m.c.i.embedder.EclipseLogger - Copying 0 resource
2020-07-05 22:11:32,817 [main] INFO  o.e.m2e.actions.ExecutePomAction - Creating new launch configuration
2020-07-05 22:11:42,240 [Worker-21: Launching chinu-maven-parent (4)] INFO  o.e.m.i.launch.MavenLaunchDelegate - C:\Users\Sibu\Desktop\Devops\NewProject2\chinu-maven-parent
2020-07-05 22:11:42,240 [Worker-21: Launching chinu-maven-parent (4)] INFO  o.e.m.i.launch.MavenLaunchDelegate -  mvn -B clean install
